<?xml version="1.0" encoding="UTF-8"?>
<!-- Generated by org.testng.reporters.JUnitReportReporter -->
<testsuite hostname="DESKTOP-L3ERK79" failures="0" tests="1" name="com.project.testcases.CalorieCalculatorPageTestCase" time="32.632" errors="0" timestamp="2020-11-23T10:16:14 IST" skipped="0">
  <testcase classname="com.project.testcases.CalorieCalculatorPageTestCase" name="EnterCalorieDetails" time="32.632"/>
  <system-out/>
</testsuite> <!-- com.project.testcases.CalorieCalculatorPageTestCase -->
